<?xml version="1.0" encoding="UTF-8"?>
<!-- Generated by org.testng.reporters.JUnitReportReporter -->
<testsuite hostname="DESKTOP-9VMA4E6" failures="0" tests="7" name="testSuite.testMethods" time="32.898" errors="0" timestamp="2024-11-25T20:18:55 IST" skipped="0">
  <testcase classname="testSuite.testMethods" name="validatingLauchedURL" time="0.104"/>
  <testcase classname="testSuite.testMethods" name="revenueCalculatorClickOperation" time="4.209"/>
  <testcase classname="testSuite.testMethods" name="adjustmentSlider" time="2.051"/>
  <testcase classname="testSuite.testMethods" name="sliderAdjustment" time="4.494"/>
  <testcase classname="testSuite.testMethods" name="verifyingTextFieldValue" time="11.274"/>
  <testcase classname="testSuite.testMethods" name="selectCPTCodes" time="10.689"/>
  <testcase classname="testSuite.testMethods" name="validateTotalRecurringReimbursement" time="0.077"/>
</testsuite> <!-- testSuite.testMethods -->
